<?xml version="1.0" encoding="UTF-8"?>
<testng-results ignored="0" total="1" passed="1" failed="0" skipped="0">
  <reporter-output>
  </reporter-output>
  <suite started-at="2021-07-04T18:19:27Z" name="Surefire suite" finished-at="2021-07-04T18:19:35Z" duration-ms="7866">
    <groups>
    </groups>
    <test started-at="2021-07-04T18:19:27Z" name="Surefire test" finished-at="2021-07-04T18:19:35Z" duration-ms="7866">
      <class name="pl.pracuj.NegativeLogInTest">
        <test-method signature="invalidPasswordTest()[pri:0, instance:pl.pracuj.NegativeLogInTest@fcd6521]" started-at="2021-07-04T18:19:27Z" name="invalidPasswordTest" finished-at="2021-07-04T18:19:35Z" duration-ms="7825" status="PASS">
          <reporter-output>
          </reporter-output>
        </test-method> <!-- invalidPasswordTest -->
      </class> <!-- pl.pracuj.NegativeLogInTest -->
    </test> <!-- Surefire test -->
  </suite> <!-- Surefire suite -->
</testng-results>
