<?xml version="1.0" encoding="UTF-8"?>
<testng-results ignored="0" total="1" passed="1" failed="0" skipped="0">
  <reporter-output>
  </reporter-output>
  <suite started-at="2021-07-04T18:21:17Z" name="Default suite" finished-at="2021-07-04T18:21:24Z" duration-ms="7478">
    <groups>
    </groups>
    <test started-at="2021-07-04T18:21:17Z" name="Default test" finished-at="2021-07-04T18:21:24Z" duration-ms="7478">
      <class name="pl.pracuj.NegativeLogInTest">
        <test-method signature="invalidPasswordTest()[pri:0, instance:pl.pracuj.NegativeLogInTest@2ddc9a9f]" started-at="2021-07-04T18:21:17Z" name="invalidPasswordTest" finished-at="2021-07-04T18:21:24Z" duration-ms="7438" status="PASS">
          <reporter-output>
          </reporter-output>
        </test-method> <!-- invalidPasswordTest -->
      </class> <!-- pl.pracuj.NegativeLogInTest -->
    </test> <!-- Default test -->
  </suite> <!-- Default suite -->
</testng-results>
